#-----------------------------------------------------------
# Vivado v2022.2 (64-bit)
# SW Build 3671981 on Fri Oct 14 04:59:54 MDT 2022
# IP Build 3669848 on Fri Oct 14 08:30:02 MDT 2022
# Start of session at: Fri Mar 21 16:56:17 2025
# Process ID: 552065
# Current directory: /home/eric/Documents/projects/c2c_demos/vivado
# Command line: vivado -mode tcl -source ./scripts/build_vu13p.tcl
# Log file: /home/eric/Documents/projects/c2c_demos/vivado/vivado.log
# Journal file: /home/eric/Documents/projects/c2c_demos/vivado/vivado.jou
# Running On: eda2, OS: Linux, CPU Frequency: 2100.000 MHz, CPU Physical cores: 12, Host memory: 66982 MB
#-----------------------------------------------------------
source ./scripts/build_vu13p.tcl
# set version_required "2022.2"
# set ver [lindex [split $::env(XILINX_VIVADO) /] end]
# if {![string equal $ver $version_required]} {
#   puts "###############################"
#   puts "### Failed to build project ###"
#   puts "###############################"
#   puts "This project was designed for use with Vivado $version_required."
#   puts "You are using Vivado $ver. Please install Vivado $version_required."
#   return
# }
# set target vu13p
# create_project -force $target './${target}' -part xcvu13p-fhgb2104-2-e
ERROR: [ProjectBase 2-104] Project name '/home/eric/Documents/projects/c2c_demos/vivado/'./vu13p'/vu13p.xpr' is illegal. Invalid character ' found.
